<?xml version="1.0" encoding="UTF-8"?>
<testng-results ignored="0" total="3" passed="3" failed="0" skipped="0">
  <reporter-output>
    <line>
      <![CDATA[Screenshot taken by name title]]>
    </line>
  </reporter-output>
  <suite started-at="2025-03-08T16:38:16 IST" name="Suite" finished-at="2025-03-08T16:38:40 IST" duration-ms="23699">
    <groups>
    </groups>
    <test started-at="2025-03-08T16:38:16 IST" name="Test" finished-at="2025-03-08T16:38:40 IST" duration-ms="23699">
      <class name="TestCaseDemo.test2">
        <test-method is-config="true" signature="openbrowser()[pri:0, instance:TestCaseDemo.test2@7de62196]" started-at="2025-03-08T16:38:22 IST" name="openbrowser" finished-at="2025-03-08T16:38:27 IST" duration-ms="4695" status="PASS">
          <reporter-output>
          </reporter-output>
        </test-method> <!-- openbrowser -->
        <test-method signature="Testloginbutton(java.lang.String,java.lang.String,java.lang.String)[pri:0, instance:TestCaseDemo.test2@7de62196]" started-at="2025-03-08T16:38:27 IST" name="Testloginbutton" data-provider="dp1" finished-at="2025-03-08T16:38:30 IST" duration-ms="2820" status="PASS">
          <params>
            <param index="0">
              <value>
                <![CDATA[Admin]]>
              </value>
            </param>
            <param index="1">
              <value>
                <![CDATA[admin123]]>
              </value>
            </param>
            <param index="2">
              <value>
                <![CDATA[Dashboard]]>
              </value>
            </param>
          </params>
          <reporter-output>
          </reporter-output>
        </test-method> <!-- Testloginbutton -->
        <test-method is-config="true" signature="closebrowser()[pri:0, instance:TestCaseDemo.test2@7de62196]" started-at="2025-03-08T16:38:30 IST" name="closebrowser" finished-at="2025-03-08T16:38:30 IST" duration-ms="166" status="PASS">
          <reporter-output>
          </reporter-output>
        </test-method> <!-- closebrowser -->
      </class> <!-- TestCaseDemo.test2 -->
      <class name="TestCaseDemo.Test1">
        <test-method is-config="true" signature="openbrowser()[pri:0, instance:TestCaseDemo.Test1@3214ee6]" started-at="2025-03-08T16:38:16 IST" name="openbrowser" finished-at="2025-03-08T16:38:21 IST" duration-ms="4753" status="PASS">
          <reporter-output>
          </reporter-output>
        </test-method> <!-- openbrowser -->
        <test-method signature="TestTitle(java.lang.String)[pri:1, instance:TestCaseDemo.Test1@3214ee6]" started-at="2025-03-08T16:38:21 IST" name="TestTitle" data-provider="title" finished-at="2025-03-08T16:38:22 IST" duration-ms="699" status="PASS">
          <params>
            <param index="0">
              <value>
                <![CDATA[OrangeHRM]]>
              </value>
            </param>
          </params>
          <reporter-output>
            <line>
              <![CDATA[Screenshot taken by name title]]>
            </line>
          </reporter-output>
        </test-method> <!-- TestTitle -->
        <test-method is-config="true" signature="closebrowser()[pri:0, instance:TestCaseDemo.Test1@3214ee6]" started-at="2025-03-08T16:38:22 IST" name="closebrowser" finished-at="2025-03-08T16:38:22 IST" duration-ms="167" status="PASS">
          <reporter-output>
          </reporter-output>
        </test-method> <!-- closebrowser -->
      </class> <!-- TestCaseDemo.Test1 -->
      <class name="TestCaseDemo.Test3">
        <test-method is-config="true" signature="openbrowser()[pri:0, instance:TestCaseDemo.Test3@163370c2]" started-at="2025-03-08T16:38:30 IST" name="openbrowser" finished-at="2025-03-08T16:38:35 IST" duration-ms="5373" status="PASS">
          <reporter-output>
          </reporter-output>
        </test-method> <!-- openbrowser -->
        <test-method signature="TestMenu()[pri:0, instance:TestCaseDemo.Test3@163370c2]" started-at="2025-03-08T16:38:35 IST" name="TestMenu" finished-at="2025-03-08T16:38:40 IST" duration-ms="4264" status="PASS">
          <reporter-output>
          </reporter-output>
        </test-method> <!-- TestMenu -->
        <test-method is-config="true" signature="closebrowser()[pri:0, instance:TestCaseDemo.Test3@163370c2]" started-at="2025-03-08T16:38:40 IST" name="closebrowser" finished-at="2025-03-08T16:38:40 IST" duration-ms="159" status="PASS">
          <reporter-output>
          </reporter-output>
        </test-method> <!-- closebrowser -->
      </class> <!-- TestCaseDemo.Test3 -->
    </test> <!-- Test -->
  </suite> <!-- Suite -->
</testng-results>
