<?xml version="1.0" encoding="UTF-8"?>
<!-- Generated by org.testng.reporters.JUnitXMLReporter -->
<testsuite ignored="0" hostname="LAPTOP-FOPH4DRC" failures="0" tests="3" name="Test" time="23.699" errors="0" timestamp="2025-03-08T16:38:40 IST">
  <testcase classname="TestCaseDemo.Test1" name="TestTitle" time="0.699"/>
  <testcase classname="TestCaseDemo.test2" name="Testloginbutton" time="2.82"/>
  <testcase classname="TestCaseDemo.Test3" name="TestMenu" time="4.264"/>
</testsuite> <!-- Test -->
