<?xml version="1.0" encoding="UTF-8"?>
<!-- Generated by org.testng.reporters.JUnitXMLReporter -->
<testsuite ignored="0" hostname="LAPTOP-FOPH4DRC" failures="0" tests="3" name="Default test" time="10.345" errors="0" timestamp="2025-03-07T15:20:01 IST">
  <testcase classname="TestCaseDemo.Test0" name="TestTitle" time="0.182"/>
  <testcase classname="TestCaseDemo.Test0" name="Testloginbutton" time="0.562"/>
  <testcase classname="TestCaseDemo.Test0" name="TestMenu" time="3.417"/>
</testsuite> <!-- Default test -->
